<?xml version="1.0" encoding="UTF-8"?>
<!-- Generated by org.testng.reporters.JUnitReportReporter -->
<testsuite hostname="RD0100454" name="com.FileUploadDemoTest.FileUploadTest" tests="1" failures="0" timestamp="14 Aug 2016 05:24:32 GMT" time="34.255" errors="0">
  <testcase name="FileUploadAutoIT" time="34.255" classname="com.FileUploadDemoTest.FileUploadTest"/>
</testsuite> <!-- com.FileUploadDemoTest.FileUploadTest -->
