<?xml version="1.0" encoding="UTF-8"?>
<!-- Generated by org.testng.reporters.JUnitReportReporter -->
<testsuite hostname="RD0100454" name="com.switchtabstest.DriverSwitchTest" tests="1" failures="0" timestamp="7 Aug 2016 06:16:41 GMT" time="454.168" errors="0">
  <testcase name="testTabs" time="454.168" classname="com.switchtabstest.DriverSwitchTest"/>
</testsuite> <!-- com.switchtabstest.DriverSwitchTest -->
