<?xml version="1.0" encoding="UTF-8"?>
<!-- Generated by org.testng.reporters.JUnitReportReporter -->
<testsuite hostname="vdrd2000016" name="com.FileUploadDemo.FileUploadTest" tests="1" failures="0" timestamp="10 Aug 2016 09:01:03 GMT" time="19.841" errors="0">
  <testcase name="FileUploadtest" time="19.841" classname="com.FileUploadDemo.FileUploadTest"/>
</testsuite> <!-- com.FileUploadDemo.FileUploadTest -->
