<?xml version="1.0" encoding="UTF-8"?>
<!-- Generated by org.testng.reporters.JUnitReportReporter -->
<testsuite hostname="vdrd2000016" name="com.LoginTest.LoginTest" tests="1" failures="0" timestamp="2 Aug 2016 05:04:35 GMT" time="12.073" errors="0">
  <testcase name="loginCheck" time="12.073" classname="com.LoginTest.LoginTest"/>
</testsuite> <!-- com.LoginTest.LoginTest -->
