<?xml version="1.0" encoding="UTF-8"?>
<!-- Generated by org.testng.reporters.JUnitReportReporter -->
<testsuite hostname="RD0100454" name="com.JavaScriptExecutorTest.JavascriptExecutorTest" tests="1" failures="0" timestamp="13 Aug 2016 07:17:53 GMT" time="12.165" errors="0">
  <testcase name="TestScrollBar" time="12.165" classname="com.JavaScriptExecutorTest.JavascriptExecutorTest"/>
</testsuite> <!-- com.JavaScriptExecutorTest.JavascriptExecutorTest -->
