<?xml version="1.0" encoding="UTF-8"?>
<!-- Generated by org.testng.reporters.JUnitReportReporter -->
<testsuite hostname="vdrd2000016" name="com.BookFlightTest.BookFlight2Test" tests="1" failures="0" timestamp="2 Aug 2016 14:34:51 GMT" time="19.723" errors="0">
  <testcase name="BookFlightTest2way" time="19.723" classname="com.BookFlightTest.BookFlight2Test"/>
</testsuite> <!-- com.BookFlightTest.BookFlight2Test -->
