<?xml version="1.0" encoding="UTF-8"?>
<!-- Generated by org.testng.reporters.JUnitReportReporter -->
<testsuite hostname="vdrd2000016" name="com.ReadSqlDataTest.ReadsqlDataTest" tests="1" failures="0" timestamp="5 Aug 2016 13:09:33 GMT" time="0.469" errors="0">
  <testcase name="ReadDataTest" time="0.469" classname="com.ReadSqlDataTest.ReadsqlDataTest"/>
</testsuite> <!-- com.ReadSqlDataTest.ReadsqlDataTest -->
